<?xml version="1.0" encoding="UTF-8"?>
<testng-results skipped="0" failed="1" ignored="0" total="1" passed="0">
  <reporter-output>
    <line>
      <![CDATA[Clicking on Login button [[ChromeDriver: chrome on WINDOWS (e7d3e3df3fda210f16a45bc4a1ee16d4)] -> xpath: //a[normalize-space()='Overnight Duffle']]]]>
    </line>
  </reporter-output>
  <suite name="Default Suite" duration-ms="23212" started-at="2023-05-10T03:22:19 AEST" finished-at="2023-05-10T03:22:42 AEST">
    <groups>
      <group name="sanity">
        <method signature="GearTest.userShouldAddProductSuccessFullyToShoppingCart()[pri:0, instance:com.softwaretestingboard.magento.testsuite.GearTest@2c039ac6]" name="userShouldAddProductSuccessFullyToShoppingCart" class="com.softwaretestingboard.magento.testsuite.GearTest"/>
      </group> <!-- sanity -->
    </groups>
    <test name="com-luma-sw-5" duration-ms="23212" started-at="2023-05-10T03:22:19 AEST" finished-at="2023-05-10T03:22:42 AEST">
      <class name="com.softwaretestingboard.magento.testsuite.GearTest">
        <test-method status="PASS" signature="setup()[pri:0, instance:com.softwaretestingboard.magento.testsuite.GearTest@2c039ac6]" name="setup" is-config="true" duration-ms="3682" started-at="2023-05-10T03:22:19 AEST" finished-at="2023-05-10T03:22:23 AEST">
          <reporter-output>
          </reporter-output>
        </test-method> <!-- setup -->
        <test-method status="PASS" signature="inIt()[pri:0, instance:com.softwaretestingboard.magento.testsuite.GearTest@2c039ac6]" name="inIt" is-config="true" duration-ms="1" started-at="2023-05-10T03:22:23 AEST" finished-at="2023-05-10T03:22:23 AEST">
          <reporter-output>
          </reporter-output>
        </test-method> <!-- inIt -->
        <test-method status="FAIL" signature="userShouldAddProductSuccessFullyToShoppingCart()[pri:0, instance:com.softwaretestingboard.magento.testsuite.GearTest@2c039ac6]" name="userShouldAddProductSuccessFullyToShoppingCart" duration-ms="18228" started-at="2023-05-10T03:22:23 AEST" finished-at="2023-05-10T03:22:41 AEST">
          <exception class="org.openqa.selenium.InvalidElementStateException">
            <message>
              <![CDATA[invalid element state
  (Session info: chrome=112.0.5615.138)
Build info: version: '4.9.0', revision: 'd7057100a6'
System info: os.name: 'Windows 10', os.arch: 'amd64', os.version: '10.0', java.version: '1.8.0_121'
Driver info: org.openqa.selenium.chrome.ChromeDriver
Command: [e7d3e3df3fda210f16a45bc4a1ee16d4, clearElement {id=d1d7701b-9f12-4d85-b09f-eedf4490c0c3}]
Capabilities {acceptInsecureCerts: false, browserName: chrome, browserVersion: 112.0.5615.138, chrome: {chromedriverVersion: 112.0.5615.49 (bd2a7bcb881c..., userDataDir: C:\Users\nikss\AppData\Loca...}, goog:chromeOptions: {debuggerAddress: localhost:57703}, networkConnectionEnabled: false, pageLoadStrategy: normal, platformName: WINDOWS, proxy: Proxy(), se:cdp: ws://localhost:57703/devtoo..., se:cdpVersion: 112.0.5615.138, setWindowRect: true, strictFileInteractability: false, timeouts: {implicit: 0, pageLoad: 300000, script: 30000}, unhandledPromptBehavior: dismiss and notify, webauthn:extension:credBlob: true, webauthn:extension:largeBlob: true, webauthn:extension:minPinLength: true, webauthn:extension:prf: true, webauthn:virtualAuthenticators: true}
Element: [[ChromeDriver: chrome on WINDOWS (e7d3e3df3fda210f16a45bc4a1ee16d4)] -> xpath: //button[@class='action update']]
Session ID: e7d3e3df3fda210f16a45bc4a1ee16d4]]>
            </message>
            <full-stacktrace>
              <![CDATA[org.openqa.selenium.InvalidElementStateException: invalid element state
  (Session info: chrome=112.0.5615.138)
Build info: version: '4.9.0', revision: 'd7057100a6'
System info: os.name: 'Windows 10', os.arch: 'amd64', os.version: '10.0', java.version: '1.8.0_121'
Driver info: org.openqa.selenium.chrome.ChromeDriver
Command: [e7d3e3df3fda210f16a45bc4a1ee16d4, clearElement {id=d1d7701b-9f12-4d85-b09f-eedf4490c0c3}]
Capabilities {acceptInsecureCerts: false, browserName: chrome, browserVersion: 112.0.5615.138, chrome: {chromedriverVersion: 112.0.5615.49 (bd2a7bcb881c..., userDataDir: C:\Users\nikss\AppData\Loca...}, goog:chromeOptions: {debuggerAddress: localhost:57703}, networkConnectionEnabled: false, pageLoadStrategy: normal, platformName: WINDOWS, proxy: Proxy(), se:cdp: ws://localhost:57703/devtoo..., se:cdpVersion: 112.0.5615.138, setWindowRect: true, strictFileInteractability: false, timeouts: {implicit: 0, pageLoad: 300000, script: 30000}, unhandledPromptBehavior: dismiss and notify, webauthn:extension:credBlob: true, webauthn:extension:largeBlob: true, webauthn:extension:minPinLength: true, webauthn:extension:prf: true, webauthn:virtualAuthenticators: true}
Element: [[ChromeDriver: chrome on WINDOWS (e7d3e3df3fda210f16a45bc4a1ee16d4)] -> xpath: //button[@class='action update']]
Session ID: e7d3e3df3fda210f16a45bc4a1ee16d4
at sun.reflect.NativeConstructorAccessorImpl.newInstance0(Native Method)
at sun.reflect.NativeConstructorAccessorImpl.newInstance(NativeConstructorAccessorImpl.java:62)
at sun.reflect.DelegatingConstructorAccessorImpl.newInstance(DelegatingConstructorAccessorImpl.java:45)
at java.lang.reflect.Constructor.newInstance(Constructor.java:423)
at org.openqa.selenium.remote.codec.w3c.W3CHttpResponseCodec.createException(W3CHttpResponseCodec.java:200)
at org.openqa.selenium.remote.codec.w3c.W3CHttpResponseCodec.decode(W3CHttpResponseCodec.java:133)
at org.openqa.selenium.remote.codec.w3c.W3CHttpResponseCodec.decode(W3CHttpResponseCodec.java:53)
at org.openqa.selenium.remote.HttpCommandExecutor.execute(HttpCommandExecutor.java:193)
at org.openqa.selenium.remote.service.DriverCommandExecutor.invokeExecute(DriverCommandExecutor.java:183)
at org.openqa.selenium.remote.service.DriverCommandExecutor.execute(DriverCommandExecutor.java:158)
at org.openqa.selenium.remote.RemoteWebDriver.execute(RemoteWebDriver.java:543)
at org.openqa.selenium.remote.RemoteWebElement.execute(RemoteWebElement.java:257)
at org.openqa.selenium.remote.RemoteWebElement.clear(RemoteWebElement.java:132)
at sun.reflect.NativeMethodAccessorImpl.invoke0(Native Method)
at sun.reflect.NativeMethodAccessorImpl.invoke(NativeMethodAccessorImpl.java:62)
at sun.reflect.DelegatingMethodAccessorImpl.invoke(DelegatingMethodAccessorImpl.java:43)
at java.lang.reflect.Method.invoke(Method.java:498)
at org.openqa.selenium.support.pagefactory.internal.LocatingElementHandler.invoke(LocatingElementHandler.java:52)
at com.sun.proxy.$Proxy10.clear(Unknown Source)
at com.softwaretestingboard.magento.utilities.Utility.sendTextToElement(Utility.java:53)
at com.softwaretestingboard.magento.pages.ShoppingCartPage.changeShoppingCartQuantity(ShoppingCartPage.java:96)
at com.softwaretestingboard.magento.testsuite.GearTest.userShouldAddProductSuccessFullyToShoppingCart(GearTest.java:56)
at sun.reflect.NativeMethodAccessorImpl.invoke0(Native Method)
at sun.reflect.NativeMethodAccessorImpl.invoke(NativeMethodAccessorImpl.java:62)
at sun.reflect.DelegatingMethodAccessorImpl.invoke(DelegatingMethodAccessorImpl.java:43)
at java.lang.reflect.Method.invoke(Method.java:498)
at org.testng.internal.invokers.MethodInvocationHelper.invokeMethod(MethodInvocationHelper.java:135)
at org.testng.internal.invokers.TestInvoker.invokeMethod(TestInvoker.java:673)
at org.testng.internal.invokers.TestInvoker.invokeTestMethod(TestInvoker.java:220)
at org.testng.internal.invokers.MethodRunner.runInSequence(MethodRunner.java:50)
at org.testng.internal.invokers.TestInvoker$MethodInvocationAgent.invoke(TestInvoker.java:945)
at org.testng.internal.invokers.TestInvoker.invokeTestMethods(TestInvoker.java:193)
at org.testng.internal.invokers.TestMethodWorker.invokeTestMethods(TestMethodWorker.java:146)
at org.testng.internal.invokers.TestMethodWorker.run(TestMethodWorker.java:128)
at java.util.ArrayList.forEach(ArrayList.java:1249)
at org.testng.TestRunner.privateRun(TestRunner.java:808)
at org.testng.TestRunner.run(TestRunner.java:603)
at org.testng.SuiteRunner.runTest(SuiteRunner.java:429)
at org.testng.SuiteRunner.runSequentially(SuiteRunner.java:423)
at org.testng.SuiteRunner.privateRun(SuiteRunner.java:383)
at org.testng.SuiteRunner.run(SuiteRunner.java:326)
at org.testng.SuiteRunnerWorker.runSuite(SuiteRunnerWorker.java:52)
at org.testng.SuiteRunnerWorker.run(SuiteRunnerWorker.java:95)
at org.testng.TestNG.runSuitesSequentially(TestNG.java:1249)
at org.testng.TestNG.runSuitesLocally(TestNG.java:1169)
at org.testng.TestNG.runSuites(TestNG.java:1092)
at org.testng.TestNG.run(TestNG.java:1060)
at com.intellij.rt.testng.IDEARemoteTestNG.run(IDEARemoteTestNG.java:66)
at com.intellij.rt.testng.RemoteTestNGStarter.main(RemoteTestNGStarter.java:109)
]]>
            </full-stacktrace>
          </exception> <!-- org.openqa.selenium.InvalidElementStateException -->
          <reporter-output>
            <line>
              <![CDATA[Clicking on Login button [[ChromeDriver: chrome on WINDOWS (e7d3e3df3fda210f16a45bc4a1ee16d4)] -> xpath: //a[normalize-space()='Overnight Duffle']]]]>
            </line>
          </reporter-output>
        </test-method> <!-- userShouldAddProductSuccessFullyToShoppingCart -->
        <test-method status="PASS" signature="tearDown()[pri:0, instance:com.softwaretestingboard.magento.testsuite.GearTest@2c039ac6]" name="tearDown" is-config="true" duration-ms="802" started-at="2023-05-10T03:22:41 AEST" finished-at="2023-05-10T03:22:42 AEST">
          <reporter-output>
          </reporter-output>
        </test-method> <!-- tearDown -->
      </class> <!-- com.softwaretestingboard.magento.testsuite.GearTest -->
    </test> <!-- com-luma-sw-5 -->
  </suite> <!-- Default Suite -->
</testng-results>
